<?xml version="1.0" encoding="UTF-8"?>
<!-- Generated by org.testng.reporters.JUnitReportReporter -->
<testsuite hostname="POOLW42SLPC6973" failures="0" tests="2" name="Testcase.ApiTestCase" time="3.146" errors="0" timestamp="2022-11-25T01:15:18 PST" skipped="0">
  <testcase classname="Testcase.ApiTestCase" name="loginuser" time="2.709"/>
  <system-out/>
  <testcase classname="Testcase.ApiTestCase" name="GeneralSetting" time="0.437"/>
  <system-out/>
</testsuite> <!-- Testcase.ApiTestCase -->
