<?xml version="1.0" encoding="UTF-8"?>
<!-- Generated by org.testng.reporters.JUnitReportReporter -->
<testsuite hostname="POOLW42SLPC6973" failures="0" tests="3" name="Testcase.API_TestCase" time="4.246" errors="0" timestamp="2022-11-27T23:03:45 PST" skipped="0">
  <testcase classname="Testcase.API_TestCase" name="loginuser" time="3.308"/>
  <system-out/>
  <testcase classname="Testcase.API_TestCase" name="GeneralSetting" time="0.577"/>
  <system-out/>
  <testcase classname="Testcase.API_TestCase" name="getBanner" time="0.361"/>
  <system-out/>
</testsuite> <!-- Testcase.API_TestCase -->
